<?xml version="1.0" encoding="UTF-8"?>
<!-- Generated by org.testng.reporters.JUnitXMLReporter -->
<testsuite ignored="0" hostname="DESKTOP-NNUT4JU" failures="0" tests="4" name="Surefire test" time="9.63" errors="0" timestamp="2025-04-29T17:25:39 IST">
  <testcase classname="com.test.TestClass1" name="test1" time="1.822"/>
  <testcase classname="com.test.TestClass1" name="test3" time="0.0"/>
  <testcase classname="com.test.TestClass1" name="test2" time="0.0"/>
  <testcase classname="com.test.TestClass2" name="test4" time="4.206"/>
</testsuite> <!-- Surefire test -->
