<?xml version="1.0" encoding="UTF-8"?>
<testng-results ignored="0" total="4" passed="4" failed="0" skipped="0">
  <reporter-output>
  </reporter-output>
  <suite started-at="2025-04-29T17:25:30 IST" name="Surefire suite" finished-at="2025-04-29T17:25:39 IST" duration-ms="9630">
    <groups>
      <group name="regression">
        <method signature="TestClass1.test1()[pri:0, instance:com.test.TestClass1@71b1176b]" name="test1" class="com.test.TestClass1"/>
      </group> <!-- regression -->
      <group name="smoke">
        <method signature="TestClass1.test3()[pri:0, instance:com.test.TestClass1@71b1176b]" name="test3" class="com.test.TestClass1"/>
        <method signature="TestClass1.test2()[pri:1, instance:com.test.TestClass1@71b1176b]" name="test2" class="com.test.TestClass1"/>
      </group> <!-- smoke -->
    </groups>
    <test started-at="2025-04-29T17:25:30 IST" name="Surefire test" finished-at="2025-04-29T17:25:39 IST" duration-ms="9630">
      <class name="com.test.TestClass2">
        <test-method is-config="true" signature="openBrowser()[pri:0, instance:com.test.TestClass2@6193932a]" started-at="2025-04-29T17:25:34 IST" name="openBrowser" finished-at="2025-04-29T17:25:35 IST" duration-ms="1325" status="PASS">
          <reporter-output>
          </reporter-output>
        </test-method> <!-- openBrowser -->
        <test-method signature="test4()[pri:0, instance:com.test.TestClass2@6193932a]" started-at="2025-04-29T17:25:35 IST" name="test4" finished-at="2025-04-29T17:25:39 IST" duration-ms="4206" status="PASS">
          <reporter-output>
          </reporter-output>
        </test-method> <!-- test4 -->
        <test-method is-config="true" signature="closeBrowser()[pri:0, instance:com.test.TestClass2@6193932a]" started-at="2025-04-29T17:25:39 IST" name="closeBrowser" finished-at="2025-04-29T17:25:39 IST" duration-ms="149" status="PASS">
          <reporter-output>
          </reporter-output>
        </test-method> <!-- closeBrowser -->
      </class> <!-- com.test.TestClass2 -->
      <class name="com.test.TestClass1">
        <test-method is-config="true" signature="openBrowser()[pri:0, instance:com.test.TestClass1@71b1176b]" started-at="2025-04-29T17:25:30 IST" name="openBrowser" finished-at="2025-04-29T17:25:32 IST" duration-ms="1902" status="PASS">
          <reporter-output>
          </reporter-output>
        </test-method> <!-- openBrowser -->
        <test-method signature="test1()[pri:0, instance:com.test.TestClass1@71b1176b]" started-at="2025-04-29T17:25:32 IST" name="test1" finished-at="2025-04-29T17:25:33 IST" duration-ms="1822" status="PASS">
          <reporter-output>
          </reporter-output>
        </test-method> <!-- test1 -->
        <test-method signature="test3()[pri:0, instance:com.test.TestClass1@71b1176b]" started-at="2025-04-29T17:25:33 IST" name="test3" finished-at="2025-04-29T17:25:33 IST" duration-ms="0" status="PASS">
          <reporter-output>
          </reporter-output>
        </test-method> <!-- test3 -->
        <test-method signature="test2()[pri:1, instance:com.test.TestClass1@71b1176b]" started-at="2025-04-29T17:25:33 IST" name="test2" finished-at="2025-04-29T17:25:33 IST" duration-ms="0" status="PASS">
          <reporter-output>
          </reporter-output>
        </test-method> <!-- test2 -->
        <test-method is-config="true" signature="closeBrowser()[pri:0, instance:com.test.TestClass1@71b1176b]" started-at="2025-04-29T17:25:33 IST" name="closeBrowser" finished-at="2025-04-29T17:25:34 IST" duration-ms="147" status="PASS">
          <reporter-output>
          </reporter-output>
        </test-method> <!-- closeBrowser -->
      </class> <!-- com.test.TestClass1 -->
    </test> <!-- Surefire test -->
  </suite> <!-- Surefire suite -->
</testng-results>
